{"level":"info","message":"🛡️  Database connection established successfully  🛡️","timestamp":"2026-04-20 08:15:16"}
{"level":"info","message":"🛡️  Database loaded  🛡️","timestamp":"2026-04-20 08:15:16"}
{"level":"info","message":"🛡️  Express loaded  🛡️","timestamp":"2026-04-20 08:15:16"}
{"level":"info","message":"🛡️  All modules loaded!  🛡️","timestamp":"2026-04-20 08:15:16"}
{"level":"info","message":"🛡️ Server listening on port: 8000 🛡️","timestamp":"2026-04-20 08:15:16"}
{"level":"info","message":"🛡️  Database connection established successfully  🛡️","timestamp":"2026-04-20 08:15:58"}
{"level":"info","message":"🛡️  Database loaded  🛡️","timestamp":"2026-04-20 08:15:58"}
{"level":"info","message":"🛡️  Express loaded  🛡️","timestamp":"2026-04-20 08:15:58"}
{"level":"info","message":"🛡️  All modules loaded!  🛡️","timestamp":"2026-04-20 08:15:58"}
{"level":"info","message":"🛡️ Server listening on port: 8000 🛡️","timestamp":"2026-04-20 08:15:58"}
{"level":"info","message":"🛡️  Database connection established successfully  🛡️","timestamp":"2026-04-20 08:16:00"}
{"level":"info","message":"🛡️  Database loaded  🛡️","timestamp":"2026-04-20 08:16:00"}
{"level":"info","message":"🛡️  Express loaded  🛡️","timestamp":"2026-04-20 08:16:00"}
{"level":"info","message":"🛡️  All modules loaded!  🛡️","timestamp":"2026-04-20 08:16:00"}
{"level":"info","message":"🛡️ Server listening on port: 8000 🛡️","timestamp":"2026-04-20 08:16:00"}
{"level":"info","message":"🛡️  Database connection established successfully  🛡️","timestamp":"2026-04-20 08:17:07"}
{"level":"info","message":"🛡️  Database loaded  🛡️","timestamp":"2026-04-20 08:17:07"}
{"level":"info","message":"🛡️  Google OAuth loaded  🛡️","timestamp":"2026-04-20 08:17:07"}
{"level":"info","message":"🛡️  Express loaded  🛡️","timestamp":"2026-04-20 08:17:07"}
{"level":"info","message":"🛡️  All modules loaded!  🛡️","timestamp":"2026-04-20 08:17:07"}
{"level":"info","message":"🛡️ Server listening on port: 8000 🛡️","timestamp":"2026-04-20 08:17:07"}
{"level":"info","message":"Email sent to shivam0xverma@gmail.com: <634156bc-d65b-c119-bd58-2d75cfc67dc9@gmail.com>","timestamp":"2026-04-20 08:19:19"}
{"0":"e","1":"y","10":"J","100":"i","101":"L","102":"C","103":"J","104":"s","105":"Y","106":"X","107":"N","108":"0","109":"T","11":"I","110":"G","111":"9","112":"n","113":"a","114":"W","115":"4","116":"i","117":"O","118":"i","119":"I","12":"U","120":"y","121":"M","122":"D","123":"I","124":"2","125":"L","126":"T","127":"A","128":"0","129":"L","13":"z","130":"T","131":"I","132":"w","133":"V","134":"D","135":"A","136":"y","137":"O","138":"j","139":"Q","14":"I","140":"5","141":"O","142":"j","143":"E","144":"1","145":"L","146":"j","147":"A","148":"x","149":"O","15":"1","150":"V","151":"o","152":"i","153":"L","154":"C","155":"J","156":"p","157":"Y","158":"X","159":"Q","16":"N","160":"i","161":"O","162":"j","163":"E","164":"3","165":"N","166":"z","167":"Y","168":"2","169":"N","17":"i","170":"T","171":"M","172":"z","173":"N","174":"T","175":"U","176":"s","177":"I","178":"m","179":"V","18":"I","180":"4","181":"c","182":"C","183":"I","184":"6","185":"M","186":"T","187":"g","188":"w","189":"O","19":"s","190":"D","191":"I","192":"x","193":"M","194":"D","195":"k","196":"1","197":"N","198":"X","199":"0","2":"J","20":"I","200":".","201":"o","202":"a","203":"U","204":"2","205":"m","206":"T","207":"e","208":"w","209":"p","21":"n","210":"5","211":"n","212":"h","213":"B","214":"C","215":"7","216":"M","217":"P","218":"t","219":"x","22":"R","220":"x","221":"I","222":"t","223":"S","224":"5","225":"I","226":"l","227":"q","228":"b","229":"O","23":"5","230":"b","231":"Y","232":"k","233":"4","234":"d","235":"8","236":"p","237":"_","238":"r","239":"U","24":"c","240":"P","241":"B","242":"1","243":"A","25":"C","26":"I","27":"6","28":"I","29":"k","3":"h","30":"p","31":"X","32":"V","33":"C","34":"J","35":"9","36":".","37":"e","38":"y","39":"J","4":"b","40":"1","41":"c","42":"2","43":"V","44":"y","45":"S","46":"W","47":"Q","48":"i","49":"O","5":"G","50":"i","51":"J","52":"h","53":"N","54":"z","55":"I","56":"0","57":"Z","58":"m","59":"V","6":"c","60":"i","61":"O","62":"S","63":"0","64":"5","65":"O","66":"T","67":"F","68":"i","69":"L","7":"i","70":"T","71":"Q","72":"z","73":"Z","74":"j","75":"c","76":"t","77":"Y","78":"m","79":"Z","8":"O","80":"j","81":"Y","82":"i","83":"1","84":"k","85":"Y","86":"z","87":"c","88":"4","89":"Y","9":"i","90":"z","91":"B","92":"i","93":"N","94":"z","95":"g","96":"5","97":"M","98":"T","99":"Q","level":"info","message":"User logged in:","timestamp":"2026-04-20 08:19:19"}
{"0":"e","1":"y","10":"J","100":"i","101":"L","102":"C","103":"J","104":"s","105":"Y","106":"X","107":"N","108":"0","109":"T","11":"I","110":"G","111":"9","112":"n","113":"a","114":"W","115":"4","116":"i","117":"O","118":"i","119":"I","12":"U","120":"y","121":"M","122":"D","123":"I","124":"2","125":"L","126":"T","127":"A","128":"0","129":"L","13":"z","130":"T","131":"I","132":"w","133":"V","134":"D","135":"A","136":"y","137":"O","138":"j","139":"U","14":"I","140":"x","141":"O","142":"j","143":"A","144":"2","145":"L","146":"j","147":"U","148":"1","149":"N","15":"1","150":"V","151":"o","152":"i","153":"L","154":"C","155":"J","156":"p","157":"Y","158":"X","159":"Q","16":"N","160":"i","161":"O","162":"j","163":"E","164":"3","165":"N","166":"z","167":"Y","168":"2","169":"N","17":"i","170":"T","171":"M","172":"0","173":"N","174":"j","175":"Y","176":"s","177":"I","178":"m","179":"V","18":"I","180":"4","181":"c","182":"C","183":"I","184":"6","185":"M","186":"T","187":"g","188":"w","189":"O","19":"s","190":"D","191":"I","192":"x","193":"M","194":"T","195":"A","196":"2","197":"N","198":"n","199":"0","2":"J","20":"I","200":".","201":"i","202":"w","203":"B","204":"M","205":"v","206":"B","207":"k","208":"p","209":"n","21":"n","210":"S","211":"U","212":"T","213":"m","214":"e","215":"Y","216":"-","217":"k","218":"S","219":"U","22":"R","220":"p","221":"h","222":"n","223":"S","224":"B","225":"T","226":"Y","227":"y","228":"W","229":"z","23":"5","230":"k","231":"7","232":"Z","233":"K","234":"5","235":"e","236":"C","237":"R","238":"W","239":"7","24":"c","240":"7","241":"O","242":"A","243":"I","25":"C","26":"I","27":"6","28":"I","29":"k","3":"h","30":"p","31":"X","32":"V","33":"C","34":"J","35":"9","36":".","37":"e","38":"y","39":"J","4":"b","40":"1","41":"c","42":"2","43":"V","44":"y","45":"S","46":"W","47":"Q","48":"i","49":"O","5":"G","50":"i","51":"J","52":"h","53":"N","54":"z","55":"I","56":"0","57":"Z","58":"m","59":"V","6":"c","60":"i","61":"O","62":"S","63":"0","64":"5","65":"O","66":"T","67":"F","68":"i","69":"L","7":"i","70":"T","71":"Q","72":"z","73":"Z","74":"j","75":"c","76":"t","77":"Y","78":"m","79":"Z","8":"O","80":"j","81":"Y","82":"i","83":"1","84":"k","85":"Y","86":"z","87":"c","88":"4","89":"Y","9":"i","90":"z","91":"B","92":"i","93":"N","94":"z","95":"g","96":"5","97":"M","98":"T","99":"Q","level":"info","message":"User logged in:","timestamp":"2026-04-20 08:21:06"}
{"level":"info","message":"🛡️  Database connection established successfully  🛡️","timestamp":"2026-04-20 08:29:40"}
{"level":"info","message":"🛡️  Database loaded  🛡️","timestamp":"2026-04-20 08:29:40"}
{"level":"info","message":"🛡️  Google OAuth loaded  🛡️","timestamp":"2026-04-20 08:29:40"}
{"level":"info","message":"🛡️  Express loaded  🛡️","timestamp":"2026-04-20 08:29:40"}
{"level":"info","message":"🛡️  All modules loaded!  🛡️","timestamp":"2026-04-20 08:29:40"}
{"level":"info","message":"🛡️ Server listening on port: 8000 🛡️","timestamp":"2026-04-20 08:29:40"}
{"level":"info","message":"🛡️  Database connection established successfully  🛡️","timestamp":"2026-04-20 08:30:09"}
{"level":"info","message":"🛡️  Database loaded  🛡️","timestamp":"2026-04-20 08:30:09"}
{"level":"info","message":"🛡️  Google OAuth loaded  🛡️","timestamp":"2026-04-20 08:30:09"}
{"level":"info","message":"🛡️  Express loaded  🛡️","timestamp":"2026-04-20 08:30:09"}
{"level":"info","message":"🛡️  All modules loaded!  🛡️","timestamp":"2026-04-20 08:30:09"}
{"level":"info","message":"🛡️ Server listening on port: 8000 🛡️","timestamp":"2026-04-20 08:30:09"}
{"level":"info","message":"🛡️  Database connection established successfully  🛡️","timestamp":"2026-04-20 08:30:17"}
{"level":"info","message":"🛡️  Database loaded  🛡️","timestamp":"2026-04-20 08:30:17"}
{"level":"info","message":"🛡️  Google OAuth loaded  🛡️","timestamp":"2026-04-20 08:30:17"}
{"level":"info","message":"🛡️  Express loaded  🛡️","timestamp":"2026-04-20 08:30:17"}
{"level":"info","message":"🛡️  All modules loaded!  🛡️","timestamp":"2026-04-20 08:30:17"}
{"level":"info","message":"🛡️ Server listening on port: 8000 🛡️","timestamp":"2026-04-20 08:30:17"}
{"level":"info","message":"🛡️  Database connection established successfully  🛡️","timestamp":"2026-04-20 08:31:05"}
{"level":"info","message":"🛡️  Database loaded  🛡️","timestamp":"2026-04-20 08:31:05"}
{"level":"info","message":"🛡️  Google OAuth loaded  🛡️","timestamp":"2026-04-20 08:31:05"}
{"level":"info","message":"🛡️  Express loaded  🛡️","timestamp":"2026-04-20 08:31:05"}
{"level":"info","message":"🛡️  All modules loaded!  🛡️","timestamp":"2026-04-20 08:31:05"}
{"level":"info","message":"🛡️ Server listening on port: 8000 🛡️","timestamp":"2026-04-20 08:31:05"}
