{"level":"info","message":"🛡️  Express loaded  🛡️","timestamp":"2026-03-31 11:41:38"}
{"level":"info","message":"🛡️  All modules loaded!  🛡️","timestamp":"2026-03-31 11:41:38"}
{"level":"info","message":"🛡️  Database connection established successfully  🛡️","timestamp":"2026-03-31 11:41:38"}
{"level":"info","message":"🛡️ Server listening on port: 8000 🛡️","timestamp":"2026-03-31 11:41:38"}
{"level":"info","message":"🛡️  Express loaded  🛡️","timestamp":"2026-03-31 11:43:35"}
{"level":"info","message":"🛡️  All modules loaded!  🛡️","timestamp":"2026-03-31 11:43:35"}
{"level":"info","message":"🛡️  Database connection established successfully  🛡️","timestamp":"2026-03-31 11:43:35"}
{"level":"info","message":"🛡️ Server listening on port: 8000 🛡️","timestamp":"2026-03-31 11:43:35"}
{"level":"info","message":"🛡️  Express loaded  🛡️","timestamp":"2026-03-31 11:43:38"}
{"level":"info","message":"🛡️  All modules loaded!  🛡️","timestamp":"2026-03-31 11:43:38"}
{"level":"info","message":"🛡️  Database connection established successfully  🛡️","timestamp":"2026-03-31 11:43:38"}
{"level":"info","message":"🛡️ Server listening on port: 8000 🛡️","timestamp":"2026-03-31 11:43:38"}
{"level":"info","message":"🛡️  Express loaded  🛡️","timestamp":"2026-03-31 11:43:44"}
{"level":"info","message":"🛡️  All modules loaded!  🛡️","timestamp":"2026-03-31 11:43:44"}
{"level":"info","message":"🛡️  Database connection established successfully  🛡️","timestamp":"2026-03-31 11:43:44"}
{"level":"info","message":"🛡️ Server listening on port: 8000 🛡️","timestamp":"2026-03-31 11:43:44"}
{"level":"info","message":"🛡️  Express loaded  🛡️","timestamp":"2026-03-31 11:43:46"}
{"level":"info","message":"🛡️  All modules loaded!  🛡️","timestamp":"2026-03-31 11:43:46"}
{"level":"info","message":"🛡️  Database connection established successfully  🛡️","timestamp":"2026-03-31 11:43:46"}
{"level":"info","message":"🛡️ Server listening on port: 8000 🛡️","timestamp":"2026-03-31 11:43:46"}
{"level":"info","message":"SIGINT received, closing server gracefully...","timestamp":"2026-03-31 11:43:54"}
{"level":"info","message":"🛡️  Express loaded  🛡️","timestamp":"2026-03-31 11:43:58"}
{"level":"info","message":"🛡️  All modules loaded!  🛡️","timestamp":"2026-03-31 11:43:58"}
{"level":"info","message":"🛡️  Database connection established successfully  🛡️","timestamp":"2026-03-31 11:43:58"}
{"level":"info","message":"🛡️ Server listening on port: 8000 🛡️","timestamp":"2026-03-31 11:43:58"}
{"level":"info","message":"SIGINT received, closing server gracefully...","timestamp":"2026-03-31 11:44:08"}
{"level":"info","message":"🛡️  Express loaded  🛡️","timestamp":"2026-03-31 11:44:25"}
{"level":"info","message":"🛡️  All modules loaded!  🛡️","timestamp":"2026-03-31 11:44:25"}
{"level":"info","message":"🛡️  Database connection established successfully  🛡️","timestamp":"2026-03-31 11:44:25"}
{"level":"info","message":"🛡️ Server listening on port: 8000 🛡️","timestamp":"2026-03-31 11:44:25"}
{"level":"info","message":"SIGINT received, closing server gracefully...","timestamp":"2026-03-31 11:49:06"}
{"level":"info","message":"🛡️  Express loaded  🛡️","timestamp":"2026-03-31 11:49:14"}
{"level":"info","message":"🛡️  All modules loaded!  🛡️","timestamp":"2026-03-31 11:49:14"}
{"level":"info","message":"🛡️  Database connection established successfully  🛡️","timestamp":"2026-03-31 11:49:14"}
{"level":"info","message":"🛡️ Server listening on port: 8000 🛡️","timestamp":"2026-03-31 11:49:14"}
{"level":"info","message":"🛡️  Express loaded  🛡️","timestamp":"2026-03-31 11:51:25"}
{"level":"info","message":"🛡️  All modules loaded!  🛡️","timestamp":"2026-03-31 11:51:25"}
{"level":"info","message":"🛡️  Database connection established successfully  🛡️","timestamp":"2026-03-31 11:51:25"}
{"level":"info","message":"🛡️ Server listening on port: 8000 🛡️","timestamp":"2026-03-31 11:51:25"}
{"level":"info","message":"🛡️  Express loaded  🛡️","timestamp":"2026-03-31 11:51:28"}
{"level":"info","message":"🛡️  All modules loaded!  🛡️","timestamp":"2026-03-31 11:51:28"}
{"level":"info","message":"🛡️  Database connection established successfully  🛡️","timestamp":"2026-03-31 11:51:28"}
{"level":"info","message":"🛡️ Server listening on port: 8000 🛡️","timestamp":"2026-03-31 11:51:28"}
{"level":"info","message":"🛡️  Express loaded  🛡️","timestamp":"2026-03-31 11:52:59"}
{"level":"info","message":"🛡️  All modules loaded!  🛡️","timestamp":"2026-03-31 11:52:59"}
{"level":"info","message":"🛡️  Database connection established successfully  🛡️","timestamp":"2026-03-31 11:52:59"}
{"level":"info","message":"🛡️ Server listening on port: 8000 🛡️","timestamp":"2026-03-31 11:52:59"}
{"level":"info","message":"🛡️  Express loaded  🛡️","timestamp":"2026-03-31 11:54:16"}
{"level":"info","message":"🛡️  All modules loaded!  🛡️","timestamp":"2026-03-31 11:54:16"}
{"level":"info","message":"🛡️  Database connection established successfully  🛡️","timestamp":"2026-03-31 11:54:16"}
{"level":"info","message":"🛡️ Server listening on port: 8000 🛡️","timestamp":"2026-03-31 11:54:16"}
{"level":"info","message":"🛡️  Express loaded  🛡️","timestamp":"2026-03-31 11:56:13"}
{"level":"info","message":"🛡️  All modules loaded!  🛡️","timestamp":"2026-03-31 11:56:13"}
{"level":"info","message":"🛡️  Database connection established successfully  🛡️","timestamp":"2026-03-31 11:56:13"}
{"level":"info","message":"🛡️ Server listening on port: 8000 🛡️","timestamp":"2026-03-31 11:56:13"}
{"level":"info","message":"SIGINT received, closing server gracefully...","timestamp":"2026-03-31 12:00:47"}
{"level":"info","message":"🛡️  Express loaded  🛡️","timestamp":"2026-03-31 12:00:54"}
{"level":"info","message":"🛡️  All modules loaded!  🛡️","timestamp":"2026-03-31 12:00:54"}
{"level":"info","message":"🛡️  Database connection established successfully  🛡️","timestamp":"2026-03-31 12:00:54"}
{"level":"info","message":"🛡️ Server listening on port: 8000 🛡️","timestamp":"2026-03-31 12:00:54"}
{"level":"info","message":"🛡️  Express loaded  🛡️","timestamp":"2026-03-31 12:03:19"}
{"level":"info","message":"🛡️  All modules loaded!  🛡️","timestamp":"2026-03-31 12:03:19"}
{"level":"info","message":"🛡️  Database connection established successfully  🛡️","timestamp":"2026-03-31 12:03:19"}
{"level":"info","message":"🛡️ Server listening on port: 8000 🛡️","timestamp":"2026-03-31 12:03:19"}
{"level":"info","message":"🛡️  Express loaded  🛡️","timestamp":"2026-03-31 12:03:22"}
{"level":"info","message":"🛡️  All modules loaded!  🛡️","timestamp":"2026-03-31 12:03:22"}
{"level":"info","message":"🛡️  Database connection established successfully  🛡️","timestamp":"2026-03-31 12:03:22"}
{"level":"info","message":"🛡️ Server listening on port: 8000 🛡️","timestamp":"2026-03-31 12:03:22"}
{"level":"info","message":"🛡️  Express loaded  🛡️","timestamp":"2026-03-31 12:04:17"}
{"level":"info","message":"🛡️  All modules loaded!  🛡️","timestamp":"2026-03-31 12:04:17"}
{"level":"info","message":"🛡️  Database connection established successfully  🛡️","timestamp":"2026-03-31 12:04:17"}
{"level":"info","message":"🛡️ Server listening on port: 8000 🛡️","timestamp":"2026-03-31 12:04:17"}
{"level":"info","message":"🛡️  Express loaded  🛡️","timestamp":"2026-03-31 12:13:58"}
{"level":"info","message":"🛡️  All modules loaded!  🛡️","timestamp":"2026-03-31 12:13:58"}
{"level":"info","message":"🛡️  Database connection established successfully  🛡️","timestamp":"2026-03-31 12:13:58"}
{"level":"info","message":"🛡️ Server listening on port: 8000 🛡️","timestamp":"2026-03-31 12:13:58"}
{"level":"info","message":"🛡️  Express loaded  🛡️","timestamp":"2026-03-31 12:13:59"}
{"level":"info","message":"🛡️  All modules loaded!  🛡️","timestamp":"2026-03-31 12:13:59"}
{"level":"info","message":"🛡️  Database connection established successfully  🛡️","timestamp":"2026-03-31 12:13:59"}
{"level":"info","message":"🛡️ Server listening on port: 8000 🛡️","timestamp":"2026-03-31 12:13:59"}
{"level":"info","message":"🛡️  Express loaded  🛡️","timestamp":"2026-03-31 12:14:02"}
{"level":"info","message":"🛡️  All modules loaded!  🛡️","timestamp":"2026-03-31 12:14:02"}
{"level":"info","message":"🛡️  Database connection established successfully  🛡️","timestamp":"2026-03-31 12:14:02"}
{"level":"info","message":"🛡️ Server listening on port: 8000 🛡️","timestamp":"2026-03-31 12:14:02"}
{"level":"info","message":"🛡️  Express loaded  🛡️","timestamp":"2026-03-31 12:14:04"}
{"level":"info","message":"🛡️  All modules loaded!  🛡️","timestamp":"2026-03-31 12:14:04"}
{"level":"info","message":"🛡️  Database connection established successfully  🛡️","timestamp":"2026-03-31 12:14:04"}
{"level":"info","message":"🛡️ Server listening on port: 8000 🛡️","timestamp":"2026-03-31 12:14:04"}
{"level":"info","message":"🛡️  Express loaded  🛡️","timestamp":"2026-03-31 12:14:10"}
{"level":"info","message":"🛡️  All modules loaded!  🛡️","timestamp":"2026-03-31 12:14:10"}
{"level":"info","message":"🛡️  Database connection established successfully  🛡️","timestamp":"2026-03-31 12:14:10"}
{"level":"info","message":"🛡️ Server listening on port: 8000 🛡️","timestamp":"2026-03-31 12:14:10"}
{"level":"info","message":"🛡️  Express loaded  🛡️","timestamp":"2026-03-31 12:14:13"}
{"level":"info","message":"🛡️  All modules loaded!  🛡️","timestamp":"2026-03-31 12:14:13"}
{"level":"info","message":"🛡️  Database connection established successfully  🛡️","timestamp":"2026-03-31 12:14:13"}
{"level":"info","message":"🛡️ Server listening on port: 8000 🛡️","timestamp":"2026-03-31 12:14:13"}
{"level":"info","message":"🛡️  Express loaded  🛡️","timestamp":"2026-03-31 12:23:07"}
{"level":"info","message":"🛡️  All modules loaded!  🛡️","timestamp":"2026-03-31 12:23:07"}
{"level":"info","message":"🛡️  Database connection established successfully  🛡️","timestamp":"2026-03-31 12:23:07"}
{"level":"info","message":"🛡️ Server listening on port: 8000 🛡️","timestamp":"2026-03-31 12:23:07"}
{"level":"info","message":"🛡️  Express loaded  🛡️","timestamp":"2026-03-31 12:23:13"}
{"level":"info","message":"🛡️  All modules loaded!  🛡️","timestamp":"2026-03-31 12:23:13"}
{"level":"info","message":"🛡️  Database connection established successfully  🛡️","timestamp":"2026-03-31 12:23:13"}
{"level":"info","message":"🛡️ Server listening on port: 8000 🛡️","timestamp":"2026-03-31 12:23:13"}
{"level":"info","message":"🛡️  Express loaded  🛡️","timestamp":"2026-03-31 12:23:17"}
{"level":"info","message":"🛡️  All modules loaded!  🛡️","timestamp":"2026-03-31 12:23:17"}
{"level":"info","message":"🛡️  Database connection established successfully  🛡️","timestamp":"2026-03-31 12:23:17"}
{"level":"info","message":"🛡️ Server listening on port: 8000 🛡️","timestamp":"2026-03-31 12:23:17"}
{"level":"info","message":"🛡️  Express loaded  🛡️","timestamp":"2026-03-31 12:23:23"}
{"level":"info","message":"🛡️  All modules loaded!  🛡️","timestamp":"2026-03-31 12:23:23"}
{"level":"info","message":"🛡️  Database connection established successfully  🛡️","timestamp":"2026-03-31 12:23:23"}
{"level":"info","message":"🛡️ Server listening on port: 8000 🛡️","timestamp":"2026-03-31 12:23:23"}
{"level":"info","message":"🛡️  Express loaded  🛡️","timestamp":"2026-03-31 12:23:29"}
{"level":"info","message":"🛡️  All modules loaded!  🛡️","timestamp":"2026-03-31 12:23:29"}
{"level":"info","message":"🛡️  Database connection established successfully  🛡️","timestamp":"2026-03-31 12:23:29"}
{"level":"info","message":"🛡️ Server listening on port: 8000 🛡️","timestamp":"2026-03-31 12:23:29"}
{"level":"info","message":"🛡️  Express loaded  🛡️","timestamp":"2026-03-31 12:23:34"}
{"level":"info","message":"🛡️  All modules loaded!  🛡️","timestamp":"2026-03-31 12:23:34"}
{"level":"info","message":"🛡️  Database connection established successfully  🛡️","timestamp":"2026-03-31 12:23:34"}
{"level":"info","message":"🛡️ Server listening on port: 8000 🛡️","timestamp":"2026-03-31 12:23:34"}
{"level":"info","message":"🛡️  Express loaded  🛡️","timestamp":"2026-03-31 12:25:15"}
{"level":"info","message":"🛡️  All modules loaded!  🛡️","timestamp":"2026-03-31 12:25:15"}
{"level":"info","message":"🛡️  Database connection established successfully  🛡️","timestamp":"2026-03-31 12:25:15"}
{"level":"info","message":"🛡️ Server listening on port: 8000 🛡️","timestamp":"2026-03-31 12:25:15"}
{"level":"info","message":"🛡️  Express loaded  🛡️","timestamp":"2026-03-31 12:32:53"}
{"level":"info","message":"🛡️  All modules loaded!  🛡️","timestamp":"2026-03-31 12:32:53"}
{"level":"info","message":"🛡️  Database connection established successfully  🛡️","timestamp":"2026-03-31 12:32:53"}
{"level":"info","message":"🛡️ Server listening on port: 8000 🛡️","timestamp":"2026-03-31 12:32:53"}
{"level":"info","message":"🛡️  Express loaded  🛡️","timestamp":"2026-03-31 12:37:51"}
{"level":"info","message":"🛡️  All modules loaded!  🛡️","timestamp":"2026-03-31 12:37:51"}
{"level":"info","message":"🛡️  Database connection established successfully  🛡️","timestamp":"2026-03-31 12:37:51"}
{"level":"info","message":"🛡️ Server listening on port: 8000 🛡️","timestamp":"2026-03-31 12:37:51"}
{"level":"info","message":"🛡️  Express loaded  🛡️","timestamp":"2026-03-31 12:38:45"}
{"level":"info","message":"🛡️  All modules loaded!  🛡️","timestamp":"2026-03-31 12:38:45"}
{"level":"info","message":"🛡️  Database connection established successfully  🛡️","timestamp":"2026-03-31 12:38:45"}
{"level":"info","message":"🛡️ Server listening on port: 8000 🛡️","timestamp":"2026-03-31 12:38:45"}
{"level":"info","message":"🛡️  Express loaded  🛡️","timestamp":"2026-03-31 12:40:29"}
{"level":"info","message":"🛡️  All modules loaded!  🛡️","timestamp":"2026-03-31 12:40:29"}
{"level":"info","message":"🛡️  Database connection established successfully  🛡️","timestamp":"2026-03-31 12:40:29"}
{"level":"info","message":"🛡️ Server listening on port: 8000 🛡️","timestamp":"2026-03-31 12:40:29"}
{"level":"info","message":"🛡️  Express loaded  🛡️","timestamp":"2026-03-31 13:40:16"}
{"level":"info","message":"🛡️  All modules loaded!  🛡️","timestamp":"2026-03-31 13:40:16"}
{"level":"info","message":"🛡️  Database connection established successfully  🛡️","timestamp":"2026-03-31 13:40:16"}
{"level":"info","message":"🛡️ Server listening on port: 8000 🛡️","timestamp":"2026-03-31 13:40:16"}
{"level":"info","message":"🛡️  Express loaded  🛡️","timestamp":"2026-03-31 13:41:11"}
{"level":"info","message":"🛡️  All modules loaded!  🛡️","timestamp":"2026-03-31 13:41:11"}
{"level":"info","message":"🛡️  Express loaded  🛡️","timestamp":"2026-03-31 13:41:50"}
{"level":"info","message":"🛡️  All modules loaded!  🛡️","timestamp":"2026-03-31 13:41:50"}
{"level":"info","message":"🛡️  Database connection established successfully  🛡️","timestamp":"2026-03-31 13:41:50"}
{"level":"info","message":"SIGTERM received, closing server gracefully...","timestamp":"2026-03-31 13:42:22"}
{"level":"info","message":"🛡️  Express loaded  🛡️","timestamp":"2026-03-31 13:42:57"}
{"level":"info","message":"🛡️  All modules loaded!  🛡️","timestamp":"2026-03-31 13:42:57"}
{"level":"info","message":"🛡️  Database connection established successfully  🛡️","timestamp":"2026-03-31 13:42:57"}
{"level":"info","message":"🛡️ Server listening on port: 8000 🛡️","timestamp":"2026-03-31 13:42:57"}
{"level":"info","message":"Email sent to iamshivamverma99@gmail.com: <b80a94c1-f485-bdca-277a-1bc5fbc27cc2@gmail.com>","timestamp":"2026-03-31 13:45:00"}
{"0":"d","1":"6","10":"e","11":"6","12":"7","13":"-","14":"4","15":"3","16":"b","17":"f","18":"-","19":"b","2":"b","20":"3","21":"6","22":"e","23":"-","24":"2","25":"3","26":"1","27":"e","28":"a","29":"3","3":"2","30":"6","31":"c","32":"2","33":"3","34":"f","35":"b","4":"4","5":"b","6":"7","7":"c","8":"-","9":"e","level":"info","message":"User registered, verification email sent:","timestamp":"2026-03-31 13:45:00"}
{"level":"info","message":"SIGINT received, closing server gracefully...","timestamp":"2026-03-31 16:06:32"}
